21/04/2024, 23:35:21	936fb176-4792-4851-a941-601fffc2b93c	POST	/staff	undefined
21/04/2024, 23:44:58	82263978-df46-4b6c-85af-c6185d45b94a	GET	/paper/staff/644e4f59cce0a7d6a2324211	http://localhost:3000
21/04/2024, 23:44:58	18c6194d-3878-4084-84ca-510fc5d09fe9	GET	/paper/staff/644e4f59cce0a7d6a2324211	http://localhost:3000
21/04/2024, 23:44:58	edd06ac9-4fe0-48cd-ad9a-ccefe9589ea2	GET	/staff/approve/Computer	http://localhost:3000
21/04/2024, 23:44:58	e1713cd7-9400-4a13-a554-955e40710743	GET	/staff/approve/Computer	http://localhost:3000
21/04/2024, 23:44:58	78ae15c4-b8f7-4c68-9180-66d001b231d0	GET	/staff/list/Computer	http://localhost:3000
21/04/2024, 23:44:58	b0a70935-783a-45b6-88ef-d58e9c7dafce	GET	/staff/list/Computer	http://localhost:3000
21/04/2024, 23:44:58	626d8e47-71f9-4906-8c55-a5005c37af0a	GET	/time_schedule/644e4f59cce0a7d6a2324211	http://localhost:3000
21/04/2024, 23:44:58	e634e7cf-fecf-41e6-89fe-3e0b29d2159a	GET	/time_schedule/644e4f59cce0a7d6a2324211	http://localhost:3000
21/04/2024, 23:44:58	75acfba1-64b4-4a24-a6ec-30f03f8454a5	GET	/time_schedule/644e4f59cce0a7d6a2324211	http://localhost:3000
21/04/2024, 23:44:58	ad355e2c-ff58-42ca-8a08-d26b22cbc301	GET	/time_schedule/644e4f59cce0a7d6a2324211	http://localhost:3000
21/04/2024, 23:44:58	2fe5502c-d9d0-440e-beaf-c2b912d5b3e3	GET	/staff/list/Computer	http://localhost:3000
21/04/2024, 23:44:58	794ad2c8-5614-455d-93cc-28eb39224e15	GET	/staff/list/Computer	http://localhost:3000
21/04/2024, 23:44:58	8900b9eb-9974-40e0-9d6a-29781ea16d85	GET	/staff/approve/Computer	http://localhost:3000
21/04/2024, 23:44:58	98bbb089-05c0-4cf7-a366-5e34cf87bb82	GET	/staff/approve/Computer	http://localhost:3000
21/04/2024, 23:44:58	6c14f236-3030-4be4-8307-758a8f6d7116	GET	/staff/list/Computer	http://localhost:3000
21/04/2024, 23:44:58	03c31bc6-b078-4f3b-9bd5-b154bdafba57	GET	/staff/list/Computer	http://localhost:3000
21/04/2024, 23:44:58	3a5c0a17-1f5a-4f58-992a-d537db5a9edc	GET	/time_schedule/644e4f59cce0a7d6a2324211	http://localhost:3000
21/04/2024, 23:44:58	e72368dd-42e0-481c-bb6a-58ff7fe2b11d	GET	/time_schedule/644e4f59cce0a7d6a2324211	http://localhost:3000
21/04/2024, 23:44:58	2b04433c-363e-41dc-826e-c1d6f4adf3eb	GET	/staff/644e4f59cce0a7d6a2324211	http://localhost:3000
21/04/2024, 23:44:58	f4515660-d13d-4125-98e0-371d837a00fe	GET	/staff/644e4f59cce0a7d6a2324211	http://localhost:3000
21/04/2024, 23:44:58	4a540fff-9858-42c7-9bdc-4a49acb36f5f	POST	/staff	undefined
21/04/2024, 23:51:23	384c7ba6-f32e-4692-bd65-859b82b11911	POST	/staff	undefined
21/04/2024, 23:56:00	ca95bc65-7575-49e3-bc76-e0f0b36f8d3b	OPTIONS	/auth/login/student	http://localhost:3000
21/04/2024, 23:56:00	7b3bc054-cdf7-44f7-b57a-83e588040d27	OPTIONS	/auth/login/student	http://localhost:3000
21/04/2024, 23:56:00	684afb3b-1f3b-4aa2-84b8-1793dbdd983c	OPTIONS	/auth/login/student	http://localhost:3000
21/04/2024, 23:56:00	9bce3a95-2284-44d0-b395-765fbce1dca8	OPTIONS	/student	http://localhost:3000
21/04/2024, 23:56:00	decf65c2-d7b4-49d4-96ea-2b49b78cc664	OPTIONS	/student	http://localhost:3000
21/04/2024, 23:56:00	cc388957-084d-48ac-9be1-7a4a7178a164	OPTIONS	/student	http://localhost:3000
21/04/2024, 23:59:33	d4037736-a2d9-4a15-81a6-839b0785b537	POST	/student	http://localhost:3000
21/04/2024, 23:59:33	16722f4d-bd9d-4c09-88e7-f1ae08797ed9	POST	/auth/login/student	http://localhost:3000
21/04/2024, 23:59:33	060292d8-0018-48a3-a087-71a219bf3f31	GET	/paper/student/66255b3517ca4de46a522be2	undefined
21/04/2024, 23:59:33	45b82597-513f-4ca7-9486-3e5b2d179c18	GET	/paper/student/66255b3517ca4de46a522be2	undefined
21/04/2024, 23:59:33	24890dbc-f0a9-4cd7-a8c1-d0ef3813e496	POST	/auth/login/staff	http://localhost:3000
21/04/2024, 23:59:33	b72f6a5c-659e-4a53-bb8c-76282750efe1	GET	/paper/staff/662555c529f610aa4cc8495e	undefined
21/04/2024, 23:59:33	1b200ade-d758-49e3-9676-e334d1a0b2bf	GET	/paper/staff/662555c529f610aa4cc8495e	undefined
21/04/2024, 23:59:33	260ab9ac-83e0-4caf-933a-c7ccffb9b313	GET	/static/js/src_Components_Queries_StaffApproval_js.chunk.js	undefined
21/04/2024, 23:59:33	a782f8b5-393b-44ec-9190-0c6cd14f76dd	GET	/static/js/src_Components_Forms_PaperForm_js.chunk.js	undefined
21/04/2024, 23:59:33	a486b8aa-5048-4288-8f71-c1cca5de10e1	GET	/time_schedule/662555c529f610aa4cc8495e	undefined
21/04/2024, 23:59:33	ca0bdbca-4b88-40e2-be2b-89fca83de195	GET	/time_schedule/662555c529f610aa4cc8495e	undefined
21/04/2024, 23:59:33	7910d97b-ac41-4721-86f9-549fb2ce56bc	GET	/static/js/src_Components_Forms_InternalResultForm_js.chunk.js	undefined
21/04/2024, 23:59:33	00d7ee42-4721-47ae-8fce-c6f8a30299aa	GET	/static/js/src_Components_Queries_Attendance_js.chunk.js	undefined
21/04/2024, 23:59:33	a58568fe-a6e2-48eb-9a39-f6e2c75b5690	GET	/staff/662555c529f610aa4cc8495e	undefined
21/04/2024, 23:59:33	23224468-8564-445c-b2c3-f2011c1448f6	GET	/staff/662555c529f610aa4cc8495e	undefined
21/04/2024, 23:59:33	b8107149-49f1-46d8-b56d-282c9de786f5	POST	/staff/	http://localhost:3000
21/04/2024, 23:59:33	f24ce7b2-a5a0-4911-b3c0-b45f89d797d2	POST	/auth/login/staff	http://localhost:3000
21/04/2024, 23:59:33	baaa00c5-534c-4b49-a534-4149ab87e651	POST	/auth/login/staff	http://localhost:3000
21/04/2024, 23:59:33	b807c41f-d963-4aad-a6aa-6e75c432666d	GET	/paper/staff/662555c529f610aa4cc8495e	undefined
21/04/2024, 23:59:33	741d0247-1e2b-4825-92c7-a79b186c1787	GET	/paper/staff/662555c529f610aa4cc8495e	undefined
21/04/2024, 23:59:33	02c4792c-4c7e-4efc-a304-9d246708f439	GET	/dash/approve_staff	undefined
21/04/2024, 23:59:33	391ef680-1c86-410a-a3e8-24f9c712fa12	GET	/favicon.ico	undefined
21/04/2024, 23:59:33	abca5f3c-8b62-4628-8572-6d9c4c8d2a44	GET	/dash/approve_staff	undefined
21/04/2024, 23:59:33	5e078db2-cd2c-4e07-94aa-5966704978db	GET	/favicon.ico	undefined
21/04/2024, 23:59:33	76deb8ef-7998-4707-8360-53fc35d98b23	GET	/favicon.ico	undefined
21/04/2024, 23:59:33	a43b87f9-fb73-4d93-a274-cc4b6f8877b6	GET	/dash	undefined
21/04/2024, 23:59:33	c795b925-4ec8-45db-a8e8-bdbc440e854d	GET	/favicon.ico	undefined
21/04/2024, 23:59:33	02e14f7b-10ae-4f58-a8dd-48dba1900415	GET	/dash	undefined
21/04/2024, 23:59:33	db2741e0-df4e-4ab0-a466-ba6d56e0d02b	GET	/favicon.ico	undefined
21/04/2024, 23:59:33	df8bd841-991f-4665-9b61-8d84e8fe1e5f	GET	/dash	undefined
21/04/2024, 23:59:33	55a1236f-beab-4a21-9974-214ab6b3f3fc	GET	/favicon.ico	undefined
21/04/2024, 23:59:33	8a8f9c2a-d75d-4d07-aa04-e75fb84c1ad9	GET	/dash	undefined
21/04/2024, 23:59:33	7f11b405-d48e-482f-9bb8-26e298574c3b	GET	/favicon.ico	undefined
21/04/2024, 23:59:33	d7a5a474-76e9-4c00-b774-626d1d56708c	GET	/	undefined
21/04/2024, 23:59:33	af10f51c-416b-4f54-b17a-307454911b1a	GET	/favicon.ico	undefined
21/04/2024, 23:59:33	f45509b8-ba7b-428e-bd5e-7add1ed5c50b	GET	/	undefined
21/04/2024, 23:59:33	ec118bca-be7b-41b3-a10d-dd797c1bdefc	GET	/favicon.ico	undefined
21/04/2024, 23:59:33	12167da7-df44-4e88-91fc-c9d19031c7e5	GET	/	undefined
21/04/2024, 23:59:33	9b151255-3f3e-4693-8f1c-8d8719f5e74d	GET	/favicon.ico	undefined
21/04/2024, 23:59:33	b1815189-e583-4f08-9be6-921cba0ed658	GET	/	undefined
21/04/2024, 23:59:33	d0039d77-e41c-4793-8759-901684f2190d	GET	/favicon.ico	undefined
22/04/2024, 01:45:35	56a8b1e1-387f-4501-bfbb-0c77e2c844fb	OPTIONS	/auth/login/staff	http://localhost:3000
22/04/2024, 01:45:35	85131d84-2c38-4b7e-a6e3-f4a5172c4339	POST	/auth/login/staff	http://localhost:3000
22/04/2024, 01:46:03	bf1959ba-e2c0-4e03-b204-2557ca0b4285	GET	/paper/staff/662555c529f610aa4cc8495e	http://localhost:3000
22/04/2024, 01:46:03	eaca7e24-319a-446b-9ad3-3a55d726a7d4	GET	/paper/staff/662555c529f610aa4cc8495e	http://localhost:3000
22/04/2024, 01:46:03	0ab4affe-5f56-4eee-ad85-b788bc1b385d	GET	/staff/approve/Computer	http://localhost:3000
22/04/2024, 01:46:03	c7f60ddf-ef82-44da-936a-fa37d58bf4ff	GET	/staff/approve/Computer	http://localhost:3000
22/04/2024, 01:46:03	d44f47a6-85ab-4389-9254-be622485694d	OPTIONS	/staff/66255bf617ca4de46a522be7	http://localhost:3000
22/04/2024, 01:46:03	94a67cb0-36e4-490c-a312-258a81dc211c	PATCH	/staff/66255bf617ca4de46a522be7	http://localhost:3000
22/04/2024, 01:46:03	eb333d19-9164-4169-b181-0b16cef1ca28	PATCH	/staff/66255bf617ca4de46a522be7	http://localhost:3000
22/04/2024, 01:46:03	4e8df46e-7670-4f25-a8fc-c7f5df2d7446	PATCH	/staff/66255bf617ca4de46a522be7	http://localhost:3000
22/04/2024, 01:46:03	82a02e02-a82f-42b9-b988-c0affe298cb6	PATCH	/staff/66255bf617ca4de46a522be7	http://localhost:3000
22/04/2024, 01:46:03	0d1a8087-de4f-42f6-9b04-bdec563b4509	OPTIONS	/staff/66255bf617ca4de46a522be7	http://localhost:3000
22/04/2024, 01:46:03	61e63180-3531-45da-8295-2caf9a5c8143	PATCH	/staff/66255bf617ca4de46a522be7	http://localhost:3000
22/04/2024, 01:46:03	4c9c5f0b-f0cb-42aa-be2c-5f327d9eed63	PATCH	/staff/66255bf617ca4de46a522be7	http://localhost:3000
22/04/2024, 01:46:03	1795aae5-58eb-4399-9098-be93df0990c2	PATCH	/staff/66255bf617ca4de46a522be7	http://localhost:3000
22/04/2024, 01:46:03	54ac66fc-31d7-4f7c-bc22-e745546203cb	PATCH	/staff/66255bf617ca4de46a522be7	http://localhost:3000
22/04/2024, 01:46:03	e3dadbcf-4d19-450e-9623-a419a34b660a	PATCH	/staff/66255bf617ca4de46a522be7	http://localhost:3000
22/04/2024, 01:46:03	a73acfbc-149a-424c-b974-c6c8b860ba3d	PATCH	/staff/66255bf617ca4de46a522be7	http://localhost:3000
22/04/2024, 01:46:03	3bc7dfff-4b7d-4f71-9136-2ef5a7f37346	DELETE	/staff/66255bf617ca4de46a522be7	http://localhost:3000
22/04/2024, 01:46:03	f6638388-bfcd-4e6c-a018-f3a18d829470	GET	/paper/staff/662555c529f610aa4cc8495e	http://localhost:3000
22/04/2024, 01:46:03	2cf799b1-bb38-4aef-aeee-02bb26f3aaae	GET	/paper/staff/662555c529f610aa4cc8495e	http://localhost:3000
